carpooling ride share/Android/Android/androidstudiosharetaxidriver/app/build/intermediates/manifest_merge_blame_file/debug/manifest-merger-blame-debug-report.txt
1<?xml version="1.0" encoding="utf-8"?>
2<manifest xmlns:android="http://schemas.android.com/apk/res/android"
3    package="com.example.sharetaxi_driver"
4    android:versionCode="1"
5    android:versionName="1.0" >
6
7    <uses-sdk
7-->src\main\AndroidManifest.xml:7:5-9:41
8        android:minSdkVersion="19"
8-->src\main\AndroidManifest.xml:8:9-35
9        android:targetSdkVersion="30" />
9-->src\main\AndroidManifest.xml:9:9-38
10
11    <uses-permission android:name="android.permission.INTERNET" />
11-->src\main\AndroidManifest.xml:11:5-67
11-->src\main\AndroidManifest.xml:11:22-64
12    <uses-permission android:name="android.permission.ACCESS_COARSE_LOCATION" />
12-->src\main\AndroidManifest.xml:12:5-81
12-->src\main\AndroidManifest.xml:12:22-78
13    <uses-permission android:name="android.permission.ACCESS_FINE_LOCATION" />
13-->src\main\AndroidManifest.xml:13:5-79
13-->src\main\AndroidManifest.xml:13:22-76
14    <uses-permission android:name="android.permission.CAMERA" />
14-->src\main\AndroidManifest.xml:14:5-65
14-->src\main\AndroidManifest.xml:14:22-62
15    <uses-permission android:name="android.permission.READ_EXTERNAL_STORAGE" />
15-->src\main\AndroidManifest.xml:15:5-80
15-->src\main\AndroidManifest.xml:15:22-77
16    <uses-permission android:name="android.permission.WRITE_EXTERNAL_STORAGE" />
16-->src\main\AndroidManifest.xml:16:5-81
16-->src\main\AndroidManifest.xml:16:22-78
17    <uses-permission android:name="android.permission.CALL_PHONE" />
17-->src\main\AndroidManifest.xml:17:5-69
17-->src\main\AndroidManifest.xml:17:22-66
18
19    <application
19-->src\main\AndroidManifest.xml:19:5-117:19
20        android:allowBackup="true"
20-->src\main\AndroidManifest.xml:20:9-35
21        android:appComponentFactory="android.support.v4.app.CoreComponentFactory"
21-->[com.android.support:support-compat:28.0.0] AndroidManifest.xml:22:18-91
22        android:debuggable="true"
23        android:icon="@drawable/driverlogo"
23-->src\main\AndroidManifest.xml:21:9-44
24        android:label="@string/app_name"
24-->src\main\AndroidManifest.xml:22:9-41
25        android:requestLegacyExternalStorage="true"
25-->src\main\AndroidManifest.xml:23:9-52
26        android:theme="@style/AppTheme"
26-->src\main\AndroidManifest.xml:24:9-40
27        android:usesCleartextTraffic="true" >
27-->src\main\AndroidManifest.xml:25:9-44
28        <activity
28-->src\main\AndroidManifest.xml:26:9-32:20
29            android:name="com.example.sharetaxi_driver.Viewemergency"
29-->src\main\AndroidManifest.xml:27:13-42
30            android:exported="false" >
30-->src\main\AndroidManifest.xml:28:13-37
31            <meta-data
31-->src\main\AndroidManifest.xml:29:13-31:36
32                android:name="android.app.lib_name"
32-->src\main\AndroidManifest.xml:30:17-52
33                android:value="" />
33-->src\main\AndroidManifest.xml:31:17-33
34        </activity>
35        <activity
35-->src\main\AndroidManifest.xml:33:9-39:20
36            android:name="com.example.sharetaxi_driver.Rentpayment"
36-->src\main\AndroidManifest.xml:34:13-40
37            android:exported="false" >
37-->src\main\AndroidManifest.xml:35:13-37
38            <meta-data
38-->src\main\AndroidManifest.xml:29:13-31:36
39                android:name="android.app.lib_name"
39-->src\main\AndroidManifest.xml:30:17-52
40                android:value="" />
40-->src\main\AndroidManifest.xml:31:17-33
41        </activity>
42        <activity
42-->src\main\AndroidManifest.xml:40:9-46:20
43            android:name="com.example.sharetaxi_driver.Viewbookings"
43-->src\main\AndroidManifest.xml:41:13-41
44            android:exported="false" >
44-->src\main\AndroidManifest.xml:42:13-37
45            <meta-data
45-->src\main\AndroidManifest.xml:29:13-31:36
46                android:name="android.app.lib_name"
46-->src\main\AndroidManifest.xml:30:17-52
47                android:value="" />
47-->src\main\AndroidManifest.xml:31:17-33
48        </activity>
49        <activity
49-->src\main\AndroidManifest.xml:47:9-53:20
50            android:name="com.example.sharetaxi_driver.Bookrentcar"
50-->src\main\AndroidManifest.xml:48:13-40
51            android:exported="false" >
51-->src\main\AndroidManifest.xml:49:13-37
52            <meta-data
52-->src\main\AndroidManifest.xml:29:13-31:36
53                android:name="android.app.lib_name"
53-->src\main\AndroidManifest.xml:30:17-52
54                android:value="" />
54-->src\main\AndroidManifest.xml:31:17-33
55        </activity>
56        <activity
56-->src\main\AndroidManifest.xml:54:9-60:20
57            android:name="com.example.sharetaxi_driver.Viewrentcars"
57-->src\main\AndroidManifest.xml:55:13-41
58            android:exported="false" >
58-->src\main\AndroidManifest.xml:56:13-37
59            <meta-data
59-->src\main\AndroidManifest.xml:29:13-31:36
60                android:name="android.app.lib_name"
60-->src\main\AndroidManifest.xml:30:17-52
61                android:value="" />
61-->src\main\AndroidManifest.xml:31:17-33
62        </activity>
63        <activity android:name="com.example.sharetaxi_driver.Set_new_password" />
63-->src\main\AndroidManifest.xml:61:9-54
63-->src\main\AndroidManifest.xml:61:19-51
64        <activity android:name="com.example.sharetaxi_driver.Forgot_password" />
64-->src\main\AndroidManifest.xml:62:9-53
64-->src\main\AndroidManifest.xml:62:19-50
65
66        <service android:name="com.example.sharetaxi_driver.LocationService" />
66-->src\main\AndroidManifest.xml:64:9-52
66-->src\main\AndroidManifest.xml:64:18-49
67
68        <activity
68-->src\main\AndroidManifest.xml:66:9-74:20
69            android:name="com.example.sharetaxi_driver.IPSETTING"
69-->src\main\AndroidManifest.xml:67:13-38
70            android:label="@string/app_name" >
70-->src\main\AndroidManifest.xml:68:13-45
71            <intent-filter>
71-->src\main\AndroidManifest.xml:69:13-73:29
72                <action android:name="android.intent.action.MAIN" />
72-->src\main\AndroidManifest.xml:70:17-69
72-->src\main\AndroidManifest.xml:70:25-66
73
74                <category android:name="android.intent.category.LAUNCHER" />
74-->src\main\AndroidManifest.xml:72:17-77
74-->src\main\AndroidManifest.xml:72:27-74
75            </intent-filter>
76        </activity>
77        <activity
77-->src\main\AndroidManifest.xml:75:9-77:60
78            android:name="com.example.sharetaxi_driver.Login"
78-->src\main\AndroidManifest.xml:76:13-34
79            android:label="@string/title_activity_login" />
79-->src\main\AndroidManifest.xml:77:13-57
80        <activity
80-->src\main\AndroidManifest.xml:78:9-80:59
81            android:name="com.example.sharetaxi_driver.HOME"
81-->src\main\AndroidManifest.xml:79:13-33
82            android:label="@string/title_activity_home" />
82-->src\main\AndroidManifest.xml:80:13-56
83        <activity
83-->src\main\AndroidManifest.xml:81:9-83:72
84            android:name="com.example.sharetaxi_driver.View_notification"
84-->src\main\AndroidManifest.xml:82:13-46
85            android:label="@string/title_activity_view_notification" />
85-->src\main\AndroidManifest.xml:83:13-69
86        <activity
86-->src\main\AndroidManifest.xml:84:9-86:63
87            android:name="com.example.sharetaxi_driver.Register"
87-->src\main\AndroidManifest.xml:85:13-37
88            android:label="@string/title_activity_register" />
88-->src\main\AndroidManifest.xml:86:13-60
89        <activity
89-->src\main\AndroidManifest.xml:87:9-89:68
90            android:name="com.example.sharetaxi_driver.Notif_details"
90-->src\main\AndroidManifest.xml:88:13-42
91            android:label="@string/title_activity_notif_details" />
91-->src\main\AndroidManifest.xml:89:13-65
92        <activity
92-->src\main\AndroidManifest.xml:90:9-92:66
93            android:name="com.example.sharetaxi_driver.ROUTE_VIEW"
93-->src\main\AndroidManifest.xml:91:13-39
94            android:label="@string/title_activity_route__view" />
94-->src\main\AndroidManifest.xml:92:13-63
95        <activity
95-->src\main\AndroidManifest.xml:93:9-95:62
96            android:name="com.example.sharetaxi_driver.PAYMENT"
96-->src\main\AndroidManifest.xml:94:13-36
97            android:label="@string/title_activity_payment" />
97-->src\main\AndroidManifest.xml:95:13-59
98        <activity
98-->src\main\AndroidManifest.xml:96:9-98:62
99            android:name="com.example.sharetaxi_driver.Vehicle"
99-->src\main\AndroidManifest.xml:97:13-36
100            android:label="@string/title_activity_vehicle" />
100-->src\main\AndroidManifest.xml:98:13-59
101        <activity
101-->src\main\AndroidManifest.xml:99:9-101:66
102            android:name="com.example.sharetaxi_driver.VEHICLELIST"
102-->src\main\AndroidManifest.xml:100:13-40
103            android:label="@string/title_activity_vehiclelist" />
103-->src\main\AndroidManifest.xml:101:13-63
104        <activity
104-->src\main\AndroidManifest.xml:102:9-104:62
105            android:name="com.example.sharetaxi_driver.RATINGS"
105-->src\main\AndroidManifest.xml:103:13-36
106            android:label="@string/title_activity_ratings" />
106-->src\main\AndroidManifest.xml:104:13-59
107        <activity
107-->src\main\AndroidManifest.xml:105:9-107:61
108            android:name="com.example.sharetaxi_driver.PICKUP"
108-->src\main\AndroidManifest.xml:106:13-35
109            android:label="@string/title_activity_pickup" />
109-->src\main\AndroidManifest.xml:107:13-58
110        <activity
110-->src\main\AndroidManifest.xml:108:9-110:59
111            android:name="com.example.sharetaxi_driver.DROP"
111-->src\main\AndroidManifest.xml:109:13-33
112            android:label="@string/title_activity_drop" />
112-->src\main\AndroidManifest.xml:110:13-56
113        <activity
113-->src\main\AndroidManifest.xml:111:9-113:64
114            android:name="com.example.sharetaxi_driver.Sharedreq"
114-->src\main\AndroidManifest.xml:112:13-38
115            android:label="@string/title_activity_sharedreq" />
115-->src\main\AndroidManifest.xml:113:13-61
116        <activity
116-->src\main\AndroidManifest.xml:114:9-116:78
117            android:name="com.example.sharetaxi_driver.ACCEPT_REJECT_sharereq"
117-->src\main\AndroidManifest.xml:115:13-51
118            android:label="@string/title_activity_accept__reject_sharereq" />
118-->src\main\AndroidManifest.xml:116:13-75
119    </application>
120
121</manifest>